<?xml version="1.0" encoding="UTF-8"?>
<testng-results ignored="0" total="1" passed="1" failed="0" skipped="0">
  <reporter-output>
  </reporter-output>
  <suite started-at="2021-11-30T12:10:03 BDT" name="Default suite" finished-at="2021-11-30T12:10:47 BDT" duration-ms="44285">
    <groups>
    </groups>
    <test started-at="2021-11-30T12:10:03 BDT" name="Default test" finished-at="2021-11-30T12:10:47 BDT" duration-ms="44285">
      <class name="demo.wafilifetest.testwafilifi">
        <test-method is-config="true" signature="opendriver()[pri:0, instance:demo.wafilifetest.testwafilifi@97e93f1]" started-at="2021-11-30T12:10:01 BDT" name="opendriver" finished-at="2021-11-30T12:10:03 BDT" duration-ms="1469" status="PASS">
          <reporter-output>
          </reporter-output>
        </test-method> <!-- opendriver -->
        <test-method signature="wafilife()[pri:0, instance:demo.wafilifetest.testwafilifi@97e93f1]" started-at="2021-11-30T12:10:03 BDT" name="wafilife" finished-at="2021-11-30T12:10:47 BDT" duration-ms="44238" status="PASS">
          <reporter-output>
          </reporter-output>
        </test-method> <!-- wafilife -->
        <test-method is-config="true" signature="closedriver()[pri:0, instance:demo.wafilifetest.testwafilifi@97e93f1]" started-at="2021-11-30T12:10:47 BDT" name="closedriver" finished-at="2021-11-30T12:10:47 BDT" duration-ms="164" status="PASS">
          <reporter-output>
          </reporter-output>
        </test-method> <!-- closedriver -->
      </class> <!-- demo.wafilifetest.testwafilifi -->
    </test> <!-- Default test -->
  </suite> <!-- Default suite -->
</testng-results>
